Preparing invocation for doodle-wall-testnet...
Preparation failed, falling back to direct discovery...
DEBUG: detail_data={'error': 'api_not_found', 'message': 'Paid API not found or 
not published'}
Invoking via: https://mk.paynode.dev/proxy/None
🚀 Handshaking with https://mk.paynode.dev/proxy/None...
❌ Failed! Status Code: 404
<!DOCTYPE html><html lang="en" class="__variable_188709 __variable_9a8899 h-full
antialiased"><head><meta charSet="utf-8"/><meta name="viewport" 
content="width=device-width, initial-scale=1"/><link rel="preload" 
href="/_next/static/media/4cf2300e9c8272f7-s.p.woff2" as="font" crossorigin="" 
type="font/woff2"/><link rel="preload" 
href="/_next/static/media/93f479601ee12b01-s.p.woff2" as="font" crossorigin="" 
type="font/woff2"/><link rel="stylesheet" 
href="/_next/static/css/2dd4cf27dae58d02.css" data-precedence="next"/><link 
rel="preload" as="script" fetchPriority="low" 
href="/_next/static/chunks/webpack-e9ea3638f557ed04.js"/><script 
src="/_next/static/chunks/4bd1b696-215e5051988c3dde.js" 
async=""></script><script src="/_next/static/chunks/794-4d0b7b700451cc43.js" 
async=""></script><script 
src="/_next/static/chunks/main-app-f497b9c0ad4a7a62.js" 
async=""></script><script 
src="/_next/static/chunks/app/layout-55f9a07e821fe455.js" 
async=""></script><link rel="preload" 
href="https://www.googletagmanager.com/gtag/js?id=G-H7LQZDQKKB" 
as="script"/><meta name="robots" content="noindex"/><meta 
name="next-size-adjust" content=""/><title>404: This page could not be 
found.</title><title>PayNode Market | X402 Thin Market</title><meta 
name="description" content="Discover and pay for AI-ready APIs using the x402 
protocol. The premium market for Agent-to-Machine services on Base L2."/><link 
rel="manifest" href="/site.webmanifest"/><meta name="keywords" content="AI API 
market,x402 APIs,agentic economy,API monetization,USDC API payments,Base L2 API 
ecosystem,discover AI tools,paid APIs for agents"/><meta name="robots" 
content="index, follow"/><meta name="googlebot" content="index, follow"/><link 
rel="canonical" href="https://mk.paynode.dev"/><meta property="og:title" 
content="PayNode Market | X402 Agent Services"/><meta property="og:description" 
content="The official directory for AI agents to discover and pay for 
high-quality APIs using USDC and the x402 protocol."/><meta property="og:url" 
content="https://mk.paynode.dev"/><meta property="og:site_name" content="PayNode
Market"/><meta property="og:image" 
content="https://mk.paynode.dev/og-image.png"/><meta property="og:image:width" 
content="1200"/><meta property="og:image:height" content="630"/><meta 
property="og:type" content="website"/><meta name="twitter:card" 
content="summary_large_image"/><meta name="twitter:title" content="PayNode 
Market | X402 Agent Services"/><meta name="twitter:description" content="The 
official directory for AI agents to discover and pay for high-quality APIs using
USDC and the x402 protocol."/><meta name="twitter:image" 
content="https://mk.paynode.dev/og-image.png"/><meta name="twitter:image:width" 
content="1200"/><meta name="twitter:image:height" content="630"/><link 
rel="shortcut icon" href="/favicon.ico"/><link rel="icon" 
href="/favicon.ico?603d046c9a6fdfbb" type="image/x-icon" sizes="16x16"/><link 
rel="icon" href="/favicon-96x96.png" sizes="96x96" type="image/png"/><link 
rel="icon" href="/favicon.svg" type="image/svg+xml"/><link 
rel="apple-touch-icon" href="/apple-touch-icon.png" sizes="180x180"/><script 
type="application/ld+json">{"@context":"https://schema.org","@type":"DataCatalog
","name":"PayNode Market","description":"A curated directory for AI agents to 
discover, invoke, and pay for APIs using the X402 
protocol.","url":"https://mk.paynode.dev"}</script><script 
src="/_next/static/chunks/polyfills-42372ed130431b0a.js" 
noModule=""></script></head><body class="min-h-full flex flex-col"><div 
hidden=""><!--$--><!--/$--></div><div style="font-family:system-ui,&quot;Segoe 
UI&quot;,Roboto,Helvetica,Arial,sans-serif,&quot;Apple Color 
Emoji&quot;,&quot;Segoe UI 
Emoji&quot;;height:100vh;text-align:center;display:flex;flex-direction:column;al
ign-items:center;justify-content:center"><div><style>body{color:#000;background:
#fff;margin:0}.next-error-h1{border-right:1px solid rgba(0,0,0,.3)}@media 
(prefers-color-scheme:dark){body{color:#fff;background:#000}.next-error-h1{borde
r-right:1px solid rgba(255,255,255,.3)}}</style><h1 class="next-error-h1" 
style="display:inline-block;margin:0 20px 0 0;padding:0 23px 0 
0;font-size:24px;font-weight:500;vertical-align:top;line-height:49px">404</h1><d
iv style="display:inline-block"><h2 
style="font-size:14px;font-weight:400;line-height:49px;margin:0">This page could
not be found.</h2></div></div></div><!--$--><!--/$--><div class="fixed bottom-6 
right-6 z-[9999] flex flex-col gap-3 
pointer-events-none"></div><!--$!--><template 
data-dgst="BAILOUT_TO_CLIENT_SIDE_RENDERING"></template><!--/$--><script 
src="/_next/static/chunks/webpack-e9ea3638f557ed04.js" id="_R_" 
async=""></script><script>(self.__next_f=self.__next_f||[]).push([0])</script><s
cript>self.__next_f.push([1,"1:\"$Sreact.fragment\"\n2:I[2593,[\"177\",\"static/
chunks/app/layout-55f9a07e821fe455.js\"],\"\"]\n3:I[8678,[\"177\",\"static/chunk
s/app/layout-55f9a07e821fe455.js\"],\"ToastProvider\"]\n4:I[7121,[],\"\"]\n5:I[4
581,[],\"\"]\n6:I[282,[\"177\",\"static/chunks/app/layout-55f9a07e821fe455.js\"]
,\"Analytics\"]\n7:I[484,[],\"OutletBoundary\"]\n8:\"$Sreact.suspense\"\nb:I[484
,[],\"ViewportBoundary\"]\nd:I[484,[],\"MetadataBoundary\"]\nf:I[7123,[],\"defau
lt\",1]\n:HL[\"/_next/static/media/4cf2300e9c8272f7-s.p.woff2\",\"font\",{\"cros
sOrigin\":\"\",\"type\":\"font/woff2\"}]\n:HL[\"/_next/static/media/93f479601ee1
2b01-s.p.woff2\",\"font\",{\"crossOrigin\":\"\",\"type\":\"font/woff2\"}]\n:HL[\
"/_next/static/css/2dd4cf27dae58d02.css\",\"style\"]\n"])</script><script>self._
_next_f.push([1,"0:{\"P\":null,\"c\":[\"\",\"_not-found\"],\"q\":\"\",\"i\":fals
e,\"f\":[[[\"\",{\"children\":[\"_not-found\",{\"children\":[\"__PAGE__\",{}]}]}
,\"$undefined\",\"$undefined\",16],[[\"$\",\"$1\",\"c\",{\"children\":[[[\"$\",\
"link\",\"0\",{\"rel\":\"stylesheet\",\"href\":\"/_next/static/css/2dd4cf27dae58
d02.css\",\"precedence\":\"next\",\"crossOrigin\":\"$undefined\",\"nonce\":\"$un
defined\"}]],[\"$\",\"html\",null,{\"lang\":\"en\",\"className\":\"__variable_18
8709 __variable_9a8899 h-full 
antialiased\",\"children\":[[\"$\",\"head\",null,{\"children\":[[\"$\",\"script\
",null,{\"type\":\"application/ld+json\",\"dangerouslySetInnerHTML\":{\"__html\"
:\"{\\\"@context\\\":\\\"https://schema.org\\\",\\\"@type\\\":\\\"DataCatalog\\\
",\\\"name\\\":\\\"PayNode Market\\\",\\\"description\\\":\\\"A curated 
directory for AI agents to discover, invoke, and pay for APIs using the X402 
protocol.\\\",\\\"url\\\":\\\"https://mk.paynode.dev\\\"}\"}}],[\"$\",\"$L2\",nu
ll,{\"src\":\"https://www.googletagmanager.com/gtag/js?id=G-H7LQZDQKKB\",\"strat
egy\":\"afterInteractive\"}],[\"$\",\"$L2\",null,{\"id\":\"google-analytics\",\"
strategy\":\"afterInteractive\",\"children\":\"\\n            window.dataLayer =
window.dataLayer || [];\\n            function 
gtag(){dataLayer.push(arguments);}\\n            gtag('js', new Date());\\n\\n  
gtag('config', 'G-H7LQZDQKKB');\\n          
\"}]]}],[\"$\",\"body\",null,{\"className\":\"min-h-full flex 
flex-col\",\"children\":[[\"$\",\"$L3\",null,{\"children\":[\"$\",\"$L4\",null,{
\"parallelRouterKey\":\"children\",\"error\":\"$undefined\",\"errorStyles\":\"$u
ndefined\",\"errorScripts\":\"$undefined\",\"template\":[\"$\",\"$L5\",null,{}],
\"templateStyles\":\"$undefined\",\"templateScripts\":\"$undefined\",\"notFound\
":\"$undefined\",\"forbidden\":\"$undefined\",\"unauthorized\":\"$undefined\"}]}
],[\"$\",\"$L6\",null,{}]]}]]}]]}],{\"children\":[[\"$\",\"$1\",\"c\",{\"childre
n\":[null,[\"$\",\"$L4\",null,{\"parallelRouterKey\":\"children\",\"error\":\"$u
ndefined\",\"errorStyles\":\"$undefined\",\"errorScripts\":\"$undefined\",\"temp
late\":[\"$\",\"$L5\",null,{}],\"templateStyles\":\"$undefined\",\"templateScrip
ts\":\"$undefined\",\"notFound\":\"$undefined\",\"forbidden\":\"$undefined\",\"u
nauthorized\":\"$undefined\"}]]}],{\"children\":[[\"$\",\"$1\",\"c\",{\"children
\":[[[\"$\",\"title\",null,{\"children\":\"404: This page could not be 
found.\"}],[\"$\",\"div\",null,{\"style\":{\"fontFamily\":\"system-ui,\\\"Segoe 
UI\\\",Roboto,Helvetica,Arial,sans-serif,\\\"Apple Color Emoji\\\",\\\"Segoe UI 
Emoji\\\"\",\"height\":\"100vh\",\"textAlign\":\"center\",\"display\":\"flex\",\
"flexDirection\":\"column\",\"alignItems\":\"center\",\"justifyContent\":\"cente
r\"},\"children\":[\"$\",\"div\",null,{\"children\":[[\"$\",\"style\",null,{\"da
ngerouslySetInnerHTML\":{\"__html\":\"body{color:#000;background:#fff;margin:0}.
next-error-h1{border-right:1px solid rgba(0,0,0,.3)}@media 
(prefers-color-scheme:dark){body{color:#fff;background:#000}.next-error-h1{borde
r-right:1px solid 
rgba(255,255,255,.3)}}\"}}],[\"$\",\"h1\",null,{\"className\":\"next-error-h1\",
\"style\":{\"display\":\"inline-block\",\"margin\":\"0 20px 0 
0\",\"padding\":\"0 23px 0 
0\",\"fontSize\":24,\"fontWeight\":500,\"verticalAlign\":\"top\",\"lineHeight\":
\"49px\"},\"children\":404}],[\"$\",\"div\",null,{\"style\":{\"display\":\"inlin
e-block\"},\"children\":[\"$\",\"h2\",null,{\"style\":{\"fontSize\":14,\"fontWei
ght\":400,\"lineHeight\":\"49px\",\"margin\":0},\"children\":\"This page could 
not be 
found.\"}]}]]}]}]],null,[\"$\",\"$L7\",null,{\"children\":[\"$\",\"$8\",null,{\"
name\":\"Next.MetadataOutlet\",\"children\":\"$@9\"}]}]]}],{},null,false,null]},
null,false,\"$@a\"]},null,false,null],[\"$\",\"$1\",\"h\",{\"children\":[[\"$\",
\"meta\",null,{\"name\":\"robots\",\"content\":\"noindex\"}],[\"$\",\"$Lb\",null
,{\"children\":\"$Lc\"}],[\"$\",\"div\",null,{\"hidden\":true,\"children\":[\"$\
",\"$Ld\",null,{\"children\":[\"$\",\"$8\",null,{\"name\":\"Next.Metadata\",\"ch
ildren\":\"$Le\"}]}]}],[\"$\",\"meta\",null,{\"name\":\"next-size-adjust\",\"con
tent\":\"\"}]]}],false]],\"m\":\"$undefined\",\"G\":[\"$f\",[]],\"S\":true,\"h\"
:null,\"s\":\"$undefined\",\"l\":\"$undefined\",\"p\":\"$undefined\",\"d\":\"$un
defined\",\"b\":\"awu4tge40tRLvOM3Quxqx\"}\n"])</script><script>self.__next_f.pu
sh([1,"10:[]\na:\"$W10\"\n"])</script><script>self.__next_f.push([1,"c:[[\"$\",\
"meta\",\"0\",{\"charSet\":\"utf-8\"}],[\"$\",\"meta\",\"1\",{\"name\":\"viewpor
t\",\"content\":\"width=device-width, 
initial-scale=1\"}]]\n"])</script><script>self.__next_f.push([1,"11:I[6869,[],\"
IconMark\"]\n9:null\n"])</script><script>self.__next_f.push([1,"e:[[\"$\",\"titl
e\",\"0\",{\"children\":\"PayNode Market | X402 Thin 
Market\"}],[\"$\",\"meta\",\"1\",{\"name\":\"description\",\"content\":\"Discove
r and pay for AI-ready APIs using the x402 protocol. The premium market for 
Agent-to-Machine services on Base 
L2.\"}],[\"$\",\"link\",\"2\",{\"rel\":\"manifest\",\"href\":\"/site.webmanifest
\",\"crossOrigin\":\"$undefined\"}],[\"$\",\"meta\",\"3\",{\"name\":\"keywords\"
,\"content\":\"AI API market,x402 APIs,agentic economy,API monetization,USDC API
payments,Base L2 API ecosystem,discover AI tools,paid APIs for 
agents\"}],[\"$\",\"meta\",\"4\",{\"name\":\"robots\",\"content\":\"index, 
follow\"}],[\"$\",\"meta\",\"5\",{\"name\":\"googlebot\",\"content\":\"index, 
follow\"}],[\"$\",\"link\",\"6\",{\"rel\":\"canonical\",\"href\":\"https://mk.pa
ynode.dev\"}],[\"$\",\"meta\",\"7\",{\"property\":\"og:title\",\"content\":\"Pay
Node Market | X402 Agent 
Services\"}],[\"$\",\"meta\",\"8\",{\"property\":\"og:description\",\"content\":
\"The official directory for AI agents to discover and pay for high-quality APIs
using USDC and the x402 
protocol.\"}],[\"$\",\"meta\",\"9\",{\"property\":\"og:url\",\"content\":\"https
://mk.paynode.dev\"}],[\"$\",\"meta\",\"10\",{\"property\":\"og:site_name\",\"co
ntent\":\"PayNode 
Market\"}],[\"$\",\"meta\",\"11\",{\"property\":\"og:image\",\"content\":\"https
://mk.paynode.dev/og-image.png\"}],[\"$\",\"meta\",\"12\",{\"property\":\"og:ima
ge:width\",\"content\":\"1200\"}],[\"$\",\"meta\",\"13\",{\"property\":\"og:imag
e:height\",\"content\":\"630\"}],[\"$\",\"meta\",\"14\",{\"property\":\"og:type\
",\"content\":\"website\"}],[\"$\",\"meta\",\"15\",{\"name\":\"twitter:card\",\"
content\":\"summary_large_image\"}],[\"$\",\"meta\",\"16\",{\"name\":\"twitter:t
itle\",\"content\":\"PayNode Market | X402 Agent 
Services\"}],[\"$\",\"meta\",\"17\",{\"name\":\"twitter:description\",\"content\
":\"The official directory for AI agents to discover and pay for high-quality 
APIs using USDC and the x402 
protocol.\"}],[\"$\",\"meta\",\"18\",{\"name\":\"twitter:image\",\"content\":\"h
ttps://mk.paynode.dev/og-image.png\"}],[\"$\",\"meta\",\"19\",{\"name\":\"twitte
r:image:width\",\"content\":\"1200\"}],[\"$\",\"meta\",\"20\",{\"name\":\"twitte
r:image:height\",\"content\":\"630\"}],[\"$\",\"link\",\"21\",{\"rel\":\"shortcu
t 
icon\",\"href\":\"/favicon.ico\"}],[\"$\",\"link\",\"22\",{\"rel\":\"icon\",\"hr
ef\":\"/favicon.ico?603d046c9a6fdfbb\",\"type\":\"image/x-icon\",\"sizes\":\"16x
16\"}],[\"$\",\"link\",\"23\",{\"rel\":\"icon\",\"href\":\"/favicon-96x96.png\",
\"sizes\":\"96x96\",\"type\":\"image/png\"}],[\"$\",\"link\",\"24\",{\"rel\":\"i
con\",\"href\":\"/favicon.svg\",\"type\":\"image/svg+xml\"}],[\"$\",\"link\",\"2
5\",{\"rel\":\"apple-touch-icon\",\"href\":\"/apple-touch-icon.png\",\"sizes\":\
"180x180\"}],[\"$\",\"$L11\",\"26\",{}]]\n"])</script></body></html>
Error: 
Error: 
